Checking that ptrace can change system call numbers...OK
Checking syscall emulation patch for ptrace...OK
Checking advanced syscall emulation patch for ptrace...OK
** 157 printk messages dropped ** DVK: exit_unbind local_nodeid:0
** 1 printk messages dropped ** DVK: exit_unbind local_nodeid:0
DVK: old_exit_unbind code:0
DVK: exit_unbind local_nodeid:0
DVK: old_exit_unbind code:0
DVK: exit_unbind local_nodeid:0
DVK: old_exit_unbind code:0
DVK: exit_unbind local_nodeid:0
DVK: old_exit_unbind code:0
NFS: Registering the id_resolver key type
Key type id_resolver registered
Key type id_legacy registered
nfs4filelayout_init: NFSv4 File Layout Driver Registering...
nfs4flexfilelayout_init: NFSv4 Flexfile Layout Driver Registering...
Installing knfsd (copyright (C) 1996 okir@monad.swb.de).
fuse init (API version 7.26)
DVK: exit_unbind local_nodeid:0
DVK: old_exit_unbind code:0
DVK: exit_unbind local_nodeid:0
DVK: old_exit_unbind code:0
DVK: exit_unbind local_nodeid:0
DVK: old_exit_unbind code:0
DVK: exit_unbind local_nodeid:0
DVK: old_exit_unbind code:0
DVK: exit_unbind local_nodeid:0
DVK: old_exit_unbind code:0
DVK: exit_unbind local_nodeid:0
DVK: old_exit_unbind code:0
DVK: exit_unbind local_nodeid:0
DVK: old_exit_unbind code:0
DVK: exit_unbind local_nodeid:0
DVK: old_exit_unbind code:0
DVK: exit_unbind local_nodeid:0
DVK: old_exit_unbind code:0
DVK: exit_unbind local_nodeid:0
DVK: old_exit_unbind code:0
DVK: exit_unbind local_nodeid:0
DVK: old_exit_unbind code:0
DVK: exit_unbind local_nodeid:0
DVK: old_exit_unbind code:0
DVK: exit_unbind local_nodeid:0
DVK: old_exit_unbind code:0
DVK: exit_unbind local_nodeid:0
DVK: old_exit_unbind code:0
DVK: exit_unbind local_nodeid:0
DVK: old_exit_unbind code:0
DVK: exit_unbind local_nodeid:0
DVK: old_exit_unbind code:0
DVK: exit_unbind local_nodeid:0
DVK: old_exit_unbind code:0
DVK: exit_unbind local_nodeid:0
DVK: old_exit_unbind code:0
DVK: exit_unbind local_nodeid:0
DVK: old_exit_unbind code:0
DVK: exit_unbind local_nodeid:0
DVK: old_exit_unbind code:0
DVK: exit_unbind local_nodeid:0
DVK: old_exit_unbind code:0
DVK: exit_unbind local_nodeid:0
DVK: old_exit_unbind code:0
DVK: exit_unbind local_nodeid:0
DVK: old_exit_unbind code:0
DVK: exit_unbind local_nodeid:0
DVK: old_exit_unbind code:0
io scheduler noop registered
io scheduler deadline registered (default)
io scheduler cfq registered
DVK: exit_unbind local_nodeid:0
DVK: old_exit_unbind code:0
DVK: exit_unbind local_nodeid:0
DVK: old_exit_unbind code:0
DVK: exit_unbind local_nodeid:0
DVK: old_exit_unbind code:0
DVK: exit_unbind local_nodeid:0
DVK: old_exit_unbind code:0
DVK: exit_unbind local_nodeid:0
DVK: old_exit_unbind code:0
DVK: exit_unbind local_nodeid:0
DVK: old_exit_unbind code:0
DVK: exit_unbind local_nodeid:0
DVK: old_exit_unbind code:0
DVK: exit_unbind local_nodeid:0
DVK: old_exit_unbind code:0
DVK: exit_unbind local_nodeid:0
DVK: old_exit_unbind code:0
DVK: exit_unbind local_nodeid:0
DVK: old_exit_unbind code:0
DVK: exit_unbind local_nodeid:0
DVK: old_exit_unbind code:0
DVK: exit_unbind local_nodeid:0
DVK: old_exit_unbind code:0
DVK: exit_unbind local_nodeid:0
DVK: old_exit_unbind code:0
DVK: exit_unbind local_nodeid:0
DVK: old_exit_unbind code:0
DVK: exit_unbind local_nodeid:0
DVK: old_exit_unbind code:0
DVK: exit_unbind local_nodeid:0
DVK: old_exit_unbind code:0
DVK: exit_unbind local_nodeid:0
DVK: old_exit_unbind code:0
DVK: exit_unbind local_nodeid:0
DVK: old_exit_unbind code:0
DVK: exit_unbind local_nodeid:0
DVK: old_exit_unbind code:0
DVK: exit_unbind local_nodeid:0
DVK: old_exit_unbind code:0
DVK: exit_unbind local_nodeid:0
DVK: old_exit_unbind code:0
DVK: exit_unbind local_nodeid:0
DVK: old_exit_unbind code:0
DVK: exit_unbind local_nodeid:0
DVK: old_exit_unbind code:0
DVK: exit_unbind local_nodeid:0
DVK: old_exit_unbind code:0
DVK: exit_unbind local_nodeid:0
DVK: old_exit_unbind code:0
DVK: exit_unbind local_nodeid:0
DVK: old_exit_unbind code:0
DVK: exit_unbind local_nodeid:0
DVK: old_exit_unbind code:0
DVK: exit_unbind local_nodeid:0
DVK: old_exit_unbind code:0
DVK: exit_unbind local_nodeid:0
DVK: old_exit_unbind code:0
DVK: exit_unbind local_nodeid:0
DVK: old_exit_unbind code:0
DVK: exit_unbind local_nodeid:0
DVK: old_exit_unbind code:0
DVK: exit_unbind local_nodeid:0
DVK: old_exit_unbind code:0
DVK: exit_unbind local_nodeid:0
DVK: old_exit_unbind code:0
DVK: exit_unbind local_nodeid:0
DVK: old_exit_unbind code:0
DVK: exit_unbind local_nodeid:0
DVK: old_exit_unbind code:0
DVK: exit_unbind local_nodeid:0
DVK: old_exit_unbind code:0
DVK: exit_unbind local_nodeid:0
DVK: old_exit_unbind code:0
DVK: exit_unbind local_nodeid:0
DVK: old_exit_unbind code:0
DVK: exit_unbind local_nodeid:0
DVK: old_exit_unbind code:0
DVK: exit_unbind local_nodeid:0
DVK: old_exit_unbind code:0
DVK: exit_unbind local_nodeid:0
DVK: old_exit_unbind code:0
DVK: exit_unbind local_nodeid:0
DVK: old_exit_unbind code:0
DVK: exit_unbind local_nodeid:0
DVK: old_exit_unbind code:0
DVK: exit_unbind local_nodeid:0
DVK: old_exit_unbind code:0
DVK: exit_unbind local_nodeid:0
DVK: old_exit_unbind code:0
DVK: exit_unbind local_nodeid:0
DVK: old_exit_unbind code:0
DVK: exit_unbind local_nodeid:0
DVK: old_exit_unbind code:0
DVK: exit_unbind local_nodeid:0
DVK: old_exit_unbind code:0
DVK: exit_unbind local_nodeid:0
DVK: old_exit_unbind code:0
DVK: exit_unbind local_nodeid:0
DVK: old_exit_unbind code:0
DVK: exit_unbind local_nodeid:0
DVK: old_exit_unbind code:0
DVK: exit_unbind local_nodeid:0
DVK: old_exit_unbind code:0
DVK: exit_unbind local_nodeid:0
DVK: old_exit_unbind code:0
DVK: exit_unbind local_nodeid:0
DVK: old_exit_unbind code:0
DVK: exit_unbind local_nodeid:0
DVK: old_exit_unbind code:0
DVK: exit_unbind local_nodeid:0
DVK: old_exit_unbind code:0
DVK: exit_unbind local_nodeid:0
DVK: old_exit_unbind code:0
DVK: exit_unbind local_nodeid:0
DVK: old_exit_unbind code:0
DVK: exit_unbind local_nodeid:0
DVK: old_exit_unbind code:0
DVK: exit_unbind local_nodeid:0
DVK: old_exit_unbind code:0
DVK: exit_unbind local_nodeid:0
DVK: old_exit_unbind code:0
DVK: exit_unbind local_nodeid:0
DVK: old_exit_unbind code:0
DVK: exit_unbind local_nodeid:0
DVK: old_exit_unbind code:0
DVK: exit_unbind local_nodeid:0
DVK: old_exit_unbind code:0
DVK: exit_unbind local_nodeid:0
DVK: old_exit_unbind code:0
DVK: exit_unbind local_nodeid:0
DVK: old_exit_unbind code:0
DVK: exit_unbind local_nodeid:0
DVK: old_exit_unbind code:0
DVK: exit_unbind local_nodeid:0
DVK: old_exit_unbind code:0
DVK: exit_unbind local_nodeid:0
DVK: old_exit_unbind code:0
DVK: exit_unbind local_nodeid:0
DVK: old_exit_unbind code:0
DVK: exit_unbind local_nodeid:0
DVK: old_exit_unbind code:0
DVK: exit_unbind local_nodeid:0
DVK: old_exit_unbind code:0
DVK: exit_unbind local_nodeid:0
DVK: old_exit_unbind code:0
DVK: exit_unbind local_nodeid:0
DVK: old_exit_unbind code:0
DVK: exit_unbind local_nodeid:0
DVK: old_exit_unbind code:0
DVK: exit_unbind local_nodeid:0
DVK: old_exit_unbind code:0
DVK: exit_unbind local_nodeid:0
DVK: old_exit_unbind code:0
DVK: exit_unbind local_nodeid:0
DVK: old_exit_unbind code:0
DVK: exit_unbind local_nodeid:0
DVK: old_exit_unbind code:0
loop: module loaded
DVK: exit_unbind local_nodeid:0
DVK: old_exit_unbind code:0
DVK: exit_unbind local_nodeid:0
DVK: old_exit_unbind code:0
DVK: exit_unbind local_nodeid:0
DVK: old_exit_unbind code:0
nbd: registered device at major 43
DVK: exit_unbind local_nodeid:0
DVK: old_exit_unbind code:0
DVK: exit_unbind local_nodeid:0
DVK: old_exit_unbind code:0
DVK: exit_unbind local_nodeid:0
DVK: old_exit_unbind code:0
DVK: exit_unbind local_nodeid:0
DVK: old_exit_unbind code:0
DVK: exit_unbind local_nodeid:0
DVK: old_exit_unbind code:0
DVK: exit_unbind local_nodeid:0
DVK: old_exit_unbind code:0
DVK: exit_unbind local_nodeid:0
DVK: old_exit_unbind code:0
DVK: exit_unbind local_nodeid:0
DVK: old_exit_unbind code:0
DVK: exit_unbind local_nodeid:0
DVK: old_exit_unbind code:0
DVK: exit_unbind local_nodeid:0
DVK: old_exit_unbind code:0
DVK: exit_unbind local_nodeid:0
DVK: old_exit_unbind code:0
DVK: exit_unbind local_nodeid:0
DVK: old_exit_unbind code:0
DVK: exit_unbind local_nodeid:0
DVK: old_exit_unbind code:0
DVK: exit_unbind local_nodeid:0
DVK: old_exit_unbind code:0
DVK: exit_unbind local_nodeid:0
DVK: old_exit_unbind code:0
DVK: exit_unbind local_nodeid:0
DVK: old_exit_unbind code:0
DVK: exit_unbind local_nodeid:0
DVK: old_exit_unbind code:0
DVK: exit_unbind local_nodeid:0
DVK: old_exit_unbind code:0
DVK: exit_unbind local_nodeid:0
DVK: old_exit_unbind code:0
DVK: exit_unbind local_nodeid:0
DVK: old_exit_unbind code:0
DVK: exit_unbind local_nodeid:0
DVK: old_exit_unbind code:0
DVK: exit_unbind local_nodeid:0
DVK: old_exit_unbind code:0
DVK: exit_unbind local_nodeid:0
DVK: old_exit_unbind code:0
DVK: exit_unbind local_nodeid:0
DVK: old_exit_unbind code:0
DVK: exit_unbind local_nodeid:0
DVK: old_exit_unbind code:0
DVK: exit_unbind local_nodeid:0
DVK: old_exit_unbind code:0
DVK: exit_unbind local_nodeid:0
DVK: old_exit_unbind code:0
DVK: exit_unbind local_nodeid:0
DVK: old_exit_unbind code:0
DVK: exit_unbind local_nodeid:0
DVK: old_exit_unbind code:0
DVK: exit_unbind local_nodeid:0
DVK: old_exit_unbind code:0
DVK: exit_unbind local_nodeid:0
DVK: old_exit_unbind code:0
DVK: exit_unbind local_nodeid:0
DVK: old_exit_unbind code:0
DVK: exit_unbind local_nodeid:0
DVK: old_exit_unbind code:0
DVK: exit_unbind local_nodeid:0
DVK: old_exit_unbind code:0
tun: Universal TUN/TAP device driver, 1.6
tun: (C) 1999-2004 Max Krasnyansky <maxk@qualcomm.com>
PPP generic driver version 2.4.2
DVK: exit_unbind local_nodeid:0
DVK: old_exit_unbind code:0
DVK: exit_unbind local_nodeid:0
DVK: old_exit_unbind code:0
SLIP: version 0.8.4-NET3.019-NEWTTY (dynamic channels, max=256).
NET: Registered protocol family 17
tipc: Activated (version 2.0.0)
NET: Registered protocol family 30
tipc: Started in single node mode
Key type dns_resolver registered
Initialized stdio console driver
DVK: exit_unbind local_nodeid:0
DVK: old_exit_unbind code:0
DVK: exit_unbind local_nodeid:0
DVK: old_exit_unbind code:0
DVK: exit_unbind local_nodeid:0
DVK: old_exit_unbind code:0
DVK: exit_unbind local_nodeid:0
DVK: old_exit_unbind code:0
DVK: exit_unbind local_nodeid:0
DVK: old_exit_unbind code:0
DVK: exit_unbind local_nodeid:0
DVK: old_exit_unbind code:0
DVK: exit_unbind local_nodeid:0
DVK: old_exit_unbind code:0
DVK: exit_unbind local_nodeid:0
DVK: old_exit_unbind code:0
DVK: exit_unbind local_nodeid:0
DVK: old_exit_unbind code:0
DVK: exit_unbind local_nodeid:0
DVK: old_exit_unbind code:0
DVK: exit_unbind local_nodeid:0
DVK: old_exit_unbind code:0
DVK: exit_unbind local_nodeid:0
DVK: old_exit_unbind code:0
DVK: exit_unbind local_nodeid:0
DVK: old_exit_unbind code:0
DVK: exit_unbind local_nodeid:0
DVK: old_exit_unbind code:0
DVK: exit_unbind local_nodeid:0
DVK: old_exit_unbind code:0
DVK: exit_unbind local_nodeid:0
DVK: old_exit_unbind code:0
Console initialized on /dev/tty0
DVK: exit_unbind local_nodeid:0
DVK: old_exit_unbind code:0
console [tty0] enabled
Initializing software serial port version 1
DVK: exit_unbind local_nodeid:0
DVK: old_exit_unbind code:0
DVK: exit_unbind local_nodeid:0
DVK: old_exit_unbind code:0
DVK: exit_unbind local_nodeid:0
DVK: old_exit_unbind code:0
DVK: exit_unbind local_nodeid:0
DVK: old_exit_unbind code:0
DVK: exit_unbind local_nodeid:0
DVK: old_exit_unbind code:0
DVK: exit_unbind local_nodeid:0
DVK: old_exit_unbind code:0
DVK: exit_unbind local_nodeid:0
DVK: old_exit_unbind code:0
DVK: exit_unbind local_nodeid:0
DVK: old_exit_unbind code:0
DVK: exit_unbind local_nodeid:0
DVK: old_exit_unbind code:0
DVK: exit_unbind local_nodeid:0
DVK: old_exit_unbind code:0
DVK: exit_unbind local_nodeid:0
DVK: old_exit_unbind code:0
DVK: exit_unbind local_nodeid:0
DVK: old_exit_unbind code:0
DVK: exit_unbind local_nodeid:0
DVK: old_exit_unbind code:0
DVK: exit_unbind local_nodeid:0
DVK: old_exit_unbind code:0
DVK: exit_unbind local_nodeid:0
DVK: old_exit_unbind code:0
DVK: exit_unbind local_nodeid:0
DVK: old_exit_unbind code:0
DVK: exit_unbind local_nodeid:0
DVK: old_exit_unbind code:0
DVK: exit_unbind local_nodeid:0
DVK: old_exit_unbind code:0
DVK: exit_unbind local_nodeid:0
DVK: old_exit_unbind code:0
DVK: exit_unbind local_nodeid:0
DVK: old_exit_unbind code:0
DVK: exit_unbind local_nodeid:0
DVK: old_exit_unbind code:0
DVK: exit_unbind local_nodeid:0
DVK: old_exit_unbind code:0
DVK: exit_unbind local_nodeid:0
DVK: old_exit_unbind code:0
DVK: exit_unbind local_nodeid:0
DVK: old_exit_unbind code:0
DVK: exit_unbind local_nodeid:0
DVK: old_exit_unbind code:0
DVK: exit_unbind local_nodeid:0
DVK: old_exit_unbind code:0
DVK: exit_unbind local_nodeid:0
DVK: old_exit_unbind code:0
DVK: exit_unbind local_nodeid:0
DVK: old_exit_unbind code:0
DVK: exit_unbind local_nodeid:0
DVK: old_exit_unbind code:0
DVK: exit_unbind local_nodeid:0
DVK: old_exit_unbind code:0
DVK: exit_unbind local_nodeid:0
DVK: old_exit_unbind code:0
DVK: exit_unbind local_nodeid:0
DVK: old_exit_unbind code:0
DVK: exit_unbind local_nodeid:0
DVK: old_exit_unbind code:0
DVK: exit_unbind local_nodeid:0
DVK: old_exit_unbind code:0
DVK: exit_unbind local_nodeid:0
DVK: old_exit_unbind code:0
DVK: exit_unbind local_nodeid:0
DVK: old_exit_unbind code:0
DVK: exit_unbind local_nodeid:0
DVK: old_exit_unbind code:0
DVK: exit_unbind local_nodeid:0
DVK: old_exit_unbind code:0
DVK: exit_unbind local_nodeid:0
DVK: old_exit_unbind code:0
console [mc-1] enabled
DVK: exit_unbind local_nodeid:0
DVK: old_exit_unbind code:0
DVK: exit_unbind local_nodeid:0
DVK: old_exit_unbind code:0
DVK: exit_unbind local_nodeid:0
DVK: old_exit_unbind code:0
DVK: exit_unbind local_nodeid:0
DVK: old_exit_unbind code:0
DVK: exit_unbind local_nodeid:0
DVK: old_exit_unbind code:0
DVK: exit_unbind local_nodeid:0
DVK: old_exit_unbind code:0
DVK: exit_unbind local_nodeid:0
DVK: old_exit_unbind code:0
DVK: exit_unbind local_nodeid:0
DVK: old_exit_unbind code:0
DVK: exit_unbind local_nodeid:0
DVK: old_exit_unbind code:0
DVK: exit_unbind local_nodeid:0
DVK: old_exit_unbind code:0
DVK: exit_unbind local_nodeid:0
DVK: old_exit_unbind code:0
DVK: exit_unbind local_nodeid:0
DVK: old_exit_unbind code:0
DVK: exit_unbind local_nodeid:0
DVK: old_exit_unbind code:0
DVK: exit_unbind local_nodeid:0
DVK: old_exit_unbind code:0
DVK: exit_unbind local_nodeid:0
DVK: old_exit_unbind code:0
DVK: exit_unbind local_nodeid:0
DVK: old_exit_unbind code:0
DVK: exit_unbind local_nodeid:0
DVK: old_exit_unbind code:0
DVK: exit_unbind local_nodeid:0
DVK: old_exit_unbind code:0
DVK: exit_unbind local_nodeid:0
DVK: old_exit_unbind code:0
DVK: exit_unbind local_nodeid:0
DVK: old_exit_unbind code:0
DVK: exit_unbind local_nodeid:0
DVK: old_exit_unbind code:0
DVK: exit_unbind local_nodeid:0
DVK: old_exit_unbind code:0
DVK: exit_unbind local_nodeid:0
DVK: old_exit_unbind code:0
DVK: exit_unbind local_nodeid:0
DVK: old_exit_unbind code:0
DVK: exit_unbind local_nodeid:0
DVK: old_exit_unbind code:0
DVK: exit_unbind local_nodeid:0
DVK: old_exit_unbind code:0
DVK: exit_unbind local_nodeid:0
DVK: old_exit_unbind code:0
DVK: exit_unbind local_nodeid:0
DVK: old_exit_unbind code:0

DEBUG rd_init:601: 
DEBUG rd_add:379: n=0
DEBUG rd_dev_size:146: 
DEBUG 903:dvk_getep:225: pid=903
DEBUG 903:dvk_getep:234: ioctl ret=-310 errno=0
DEBUG 903:dvk_getep:239: ioctl ret=-310
ERROR: 903:dvk_getep:241: rcode=-310
DEBUG get_geometry:885: tid=903 my_ep=-310 minor=0
DEBUG get_geometry:895: source=1233690220 type=1029 m2i1=0 m2i2=-310 m2i3=-2145623036 m2l1=0 m2l2=16908290 m2p1=49889e28
DEBUG 903:dvk_sendrec_T:910: endpoint=3 timeout=30000
DEBUG 903:dvk_sendrec_T:923: ioctl ret=-310 errno=0
DEBUG 903:dvk_sendrec_T:932: ioctl ret=-310
ERROR: 903:dvk_sendrec_T:934: rcode=-310
ERROR: 1:get_geometry:897: rcode=-310
ERROR: 1:rd_dev_size:152: rcode=-310
Failed to initialize rdisk device 0 :Couldn't determine size of device's file

Netdevice 0 (fe:fd:c0:a8:00:fd) : TUN/TAP backend - 
DVK: exit_unbind local_nodeid:0
DVK: old_exit_unbind code:0
DVK: exit_unbind local_nodeid:0
DVK: old_exit_unbind code:0
DVK: exit_unbind local_nodeid:0
DVK: old_exit_unbind code:0
DVK: exit_unbind local_nodeid:0
DVK: old_exit_unbind code:0
DVK: exit_unbind local_nodeid:0
DVK: old_exit_unbind code:0
DVK: exit_unbind local_nodeid:0
DVK: old_exit_unbind code:0
DVK: exit_unbind local_nodeid:0
DVK: old_exit_unbind code:0
DVK: exit_unbind local_nodeid:0
DVK: old_exit_unbind code:0
DVK: exit_unbind local_nodeid:0
DVK: old_exit_unbind code:0
DVK: exit_unbind local_nodeid:0
DVK: old_exit_unbind code:0
EXT4-fs (ubda): couldn't mount as ext3 due to feature incompatibilities
EXT4-fs (ubda): mounted filesystem without journal. Opts: (null)
VFS: Mounted root (ext4 filesystem) readonly on device 98:0.
devtmpfs: mounted
This architecture does not have kernel memory protection.
random: fast init done
systemd[1]: Failed to lookup module alias 'autofs4': Function not implemented
cgroup: cgroup2: unknown option "nsdelegate"
systemd[1]: systemd 241 running in system mode. (+PAM +AUDIT +SELINUX +IMA +APPARMOR +SMACK +SYSVINIT +UTMP +LIBCRYPTSETUP +GCRYPT +GNUTLS +ACL +XZ +LZ4 +SECCOMP +BLKID +ELFUTILS +KMOD -IDN2 +IDN -PCRE2 default-hierarchy=hybrid)
systemd[1]: Detected virtualization vmware.
systemd[1]: Detected architecture x86.

Welcome to [1mDebian GNU/Linux 10 (buster)[0m!

systemd[1]: Set hostname to <node1>.
systemd[1]: Failed to enable kbrequest handling: Inappropriate ioctl for device
DVK: exit_unbind local_nodeid:0
DVK: old_exit_unbind code:0
DVK: exit_unbind local_nodeid:0
DVK: old_exit_unbind code:0
DVK: exit_unbind local_nodeid:0
DVK: old_exit_unbind code:0
DVK: exit_unbind local_nodeid:0
DVK: old_exit_unbind code:0
DVK: exit_unbind local_nodeid:0
DVK: old_exit_unbind code:0
DVK: exit_unbind local_nodeid:0
DVK: old_exit_unbind code:0
DVK: exit_unbind local_nodeid:0
DVK: old_exit_unbind code:0
DVK: exit_unbind local_nodeid:0
DVK: old_exit_unbind code:0
DVK: exit_unbind local_nodeid:0
DVK: old_exit_unbind code:0
DVK: exit_unbind local_nodeid:0
DVK: old_exit_unbind code:0
DVK: exit_unbind local_nodeid:0
DVK: old_exit_unbind code:0
DVK: exit_unbind local_nodeid:0
DVK: old_exit_unbind code:0
DVK: exit_unbind local_nodeid:0
DVK: old_exit_unbind code:0
systemd[1]: File /lib/systemd/system/systemd-journald.service:12 configures an IP firewall (IPAddressDeny=any), but the local system does not support BPF/cgroup based firewalling.
systemd[1]: Proceeding WITHOUT firewalling in effect! (This warning is only shown for the first loaded unit using IP firewalling.)
systemd[1]: Listening on Journal Socket (/dev/log).
[[0;32m  OK  [0m] Listening on [0;1;39mJournal Socket (/dev/log)[0m.
systemd[1]: Created slice system-getty.slice.
[[0;32m  OK  [0m] Created slice [0;1;39msystem-getty.slice[0m.
systemd[1]: Started Forward Password Requests to Wall Directory Watch.
[[0;32m  OK  [0m] Started [0;1;39mForward Password R…uests to Wall Directory Watch[0m.
systemd[1]: Started Dispatch Password Requests to Console Directory Watch.
[[0;32m  OK  [0m] Started [0;1;39mDispatch Password …ts to Console Directory Watch[0m.
systemd[1]: Reached target Local Encrypted Volumes.
[[0;32m  OK  [0m] Reached target [0;1;39mLocal Encrypted Volumes[0m.
systemd[1]: Reached target Remote File Systems.
[[0;32m  OK  [0m] Reached target [0;1;39mRemote File Systems[0m.
systemd[1]: Listening on initctl Compatibility Named Pipe.
[[0;32m  OK  [0m] Listening on [0;1;39minitctl Compatibility Named Pipe[0m.
systemd[1]: Condition check resulted in Journal Audit Socket being skipped.
[[0;32m  OK  [0m] Listening on [0;1;39mudev Kernel Socket[0m.
[[0;32m  OK  [0m] Listening on [0;1;39mudev Control Socket[0m.
[[0;32m  OK  [0m] Reached target [0;1;39mSwap[0m.
[[0;32m  OK  [0m] Reached target [0;1;39mPaths[0m.
[[0;32m  OK  [0m] Created slice [0;1;39mUser and Session Slice[0m.
[[0;32m  OK  [0m] Reached target [0;1;39mSlices[0m.
[[0;32m  OK  [0m] Listening on [0;1;39mSyslog Socket[0m.
[[0;1;33mUNSUPP[0m] Starting of [0;1;39mArbitrary Exec…Automount Point[0m not supported.
[[0;32m  OK  [0m] Listening on [0;1;39mJournal Socket[0m.
         Mounting [0;1;39mPOSIX Message Queue File System[0m...
         Starting [0;1;39mJournal Service[0m...
         Starting [0;1;39mRemount Root and Kernel File Systems[0m...
         Starting [0;1;39mLoad Kernel Modules[0m...
DVK: exit_unbind local_nodeid:0
DVK: old_exit_unbind code:0
[[0;32m  OK  [0m] Mounted [0;1;39mPOSIX Message Queue File System[0m.
DVK: exit_unbind local_nodeid:0
DVK: old_exit_unbind code:0
[[0;32m  OK  [0m] Started [0;1;39mLoad Kernel Modules[0m.
         Mounting [0;1;39mFUSE Control File System[0m...
         Starting [0;1;39mApply Kernel Variables[0m...
DVK: exit_unbind local_nodeid:0
DVK: old_exit_unbind code:0
[[0;32m  OK  [0m] Started [0;1;39mRemount Root and Kernel File Systems[0m.
         Starting [0;1;39mudev Coldplug all Devices[0m...
         Starting [0;1;39mLoad/Save Random Seed[0m...
DVK: exit_unbind local_nodeid:0
DVK: old_exit_unbind code:0
         Starting [0;1;39mCreate Static Device Nodes in /dev[0m...
[[0;32m  OK  [0m] Started [0;1;39mApply Kernel Variables[0m.
DVK: exit_unbind local_nodeid:0
DVK: old_exit_unbind code:0
[[0;1;31mFAILED[0m] Failed to mount [0;1;39mFUSE Control File System[0m.
See 'systemctl status sys-fs-fuse-connections.mount' for details.
DVK: exit_unbind local_nodeid:0
DVK: old_exit_unbind code:0
systemd[1]: Started Load/Save Random Seed.
[[0;32m  OK  [0m] Started [0;1;39mLoad/Save Random Seed[0m.
DVK: exit_unbind local_nodeid:0
DVK: old_exit_unbind code:0
DVK: exit_unbind local_nodeid:0
DVK: old_exit_unbind code:0
DVK: exit_unbind local_nodeid:0
DVK: old_exit_unbind code:0
DVK: exit_unbind local_nodeid:0
DVK: old_exit_unbind code:0
DVK: exit_unbind local_nodeid:0
DVK: old_exit_unbind code:0
DVK: exit_unbind local_nodeid:0
DVK: old_exit_unbind code:0
DVK: exit_unbind local_nodeid:0
DVK: old_exit_unbind code:0
DVK: exit_unbind local_nodeid:0
DVK: old_exit_unbind code:0
DVK: exit_unbind local_nodeid:0
DVK: old_exit_unbind code:0
DVK: exit_unbind local_nodeid:0
DVK: old_exit_unbind code:0
DVK: exit_unbind local_nodeid:0
DVK: old_exit_unbind code:0
DVK: exit_unbind local_nodeid:0
DVK: old_exit_unbind code:0
systemd[1]: Started Create Static Device Nodes in /dev.
[[0;32m  OK  [0m] Started [0;1;39mCreate Static Device Nodes in /dev[0m.
systemd[1]: Reached target Local File Systems (Pre).
[[0;32m  OK  [0m] Reached target [0;1;39mLocal File Systems (Pre)[0m.
systemd[1]: Reached target Local File Systems.
[[0;32m  OK  [0m] Reached target [0;1;39mLocal File Systems[0m.
systemd[1]: Starting Raise network interfaces...
         Starting [0;1;39mRaise network interfaces[0m...
systemd[1]: Condition check resulted in Commit a transient machine-id on disk being skipped.
systemd[1]: Starting udev Kernel Device Manager...
         Starting [0;1;39mudev Kernel Device Manager[0m...
random: crng init done
systemd[1]: Started Journal Service.
[[0;32m  OK  [0m] Started [0;1;39mJournal Service[0m.
         Starting [0;1;39mFlush Journal to Persistent Storage[0m...
DVK: exit_unbind local_nodeid:0
DVK: old_exit_unbind code:0
DVK: exit_unbind local_nodeid:0
DVK: old_exit_unbind code:256
[[0;32m  OK  [0m] Started [0;1;39mudev Kernel Device Manager[0m.
DVK: exit_unbind local_nodeid:0
DVK: old_exit_unbind code:0
DVK: exit_unbind local_nodeid:0
DVK: old_exit_unbind code:0
DVK: exit_unbind local_nodeid:0
DVK: old_exit_unbind code:0
DVK: exit_unbind local_nodeid:0
DVK: old_exit_unbind code:0
DVK: exit_unbind local_nodeid:0
DVK: old_exit_unbind code:0
DVK: exit_unbind local_nodeid:0
DVK: old_exit_unbind code:0
DVK: exit_unbind local_nodeid:0
DVK: old_exit_unbind code:0
DVK: exit_unbind local_nodeid:0
DVK: old_exit_unbind code:0
DVK: exit_unbind local_nodeid:0
DVK: old_exit_unbind code:0
DVK: exit_unbind local_nodeid:0
DVK: old_exit_unbind code:0
DVK: exit_unbind local_nodeid:0
DVK: old_exit_unbind code:0
DVK: exit_unbind local_nodeid:0
DVK: old_exit_unbind code:0
DVK: exit_unbind local_nodeid:0
DVK: old_exit_unbind code:0
DVK: exit_unbind local_nodeid:0
DVK: old_exit_unbind code:0
DVK: exit_unbind local_nodeid:0
DVK: old_exit_unbind code:0
DVK: exit_unbind local_nodeid:0
DVK: old_exit_unbind code:0
DVK: exit_unbind local_nodeid:0
DVK: old_exit_unbind code:0
DVK: exit_unbind local_nodeid:0
DVK: old_exit_unbind code:0
DVK: exit_unbind local_nodeid:0
DVK: old_exit_unbind code:0
DVK: exit_unbind local_nodeid:0
DVK: old_exit_unbind code:0
DVK: exit_unbind local_nodeid:0
DVK: old_exit_unbind code:0
DVK: exit_unbind local_nodeid:0
DVK: old_exit_unbind code:0
DVK: exit_unbind local_nodeid:0
DVK: old_exit_unbind code:0
DVK: exit_unbind local_nodeid:0
DVK: old_exit_unbind code:0
DVK: exit_unbind local_nodeid:0
DVK: old_exit_unbind code:0
DVK: exit_unbind local_nodeid:0
DVK: old_exit_unbind code:0
DVK: exit_unbind local_nodeid:0
DVK: old_exit_unbind code:0
DVK: exit_unbind local_nodeid:0
DVK: old_exit_unbind code:0
DVK: exit_unbind local_nodeid:0
DVK: old_exit_unbind code:0
DVK: exit_unbind local_nodeid:0
DVK: old_exit_unbind code:0
DVK: exit_unbind local_nodeid:0
DVK: old_exit_unbind code:0
DVK: exit_unbind local_nodeid:0
DVK: old_exit_unbind code:0
DVK: exit_unbind local_nodeid:0
DVK: old_exit_unbind code:0
DVK: exit_unbind local_nodeid:0
DVK: old_exit_unbind code:0
DVK: exit_unbind local_nodeid:0
DVK: old_exit_unbind code:0
DVK: exit_unbind local_nodeid:0
DVK: old_exit_unbind code:0
DVK: exit_unbind local_nodeid:0
DVK: old_exit_unbind code:0
DVK: exit_unbind local_nodeid:0
DVK: old_exit_unbind code:0
DVK: exit_unbind local_nodeid:0
DVK: old_exit_unbind code:0
DVK: exit_unbind local_nodeid:0
DVK: old_exit_unbind code:0
DVK: exit_unbind local_nodeid:0
DVK: old_exit_unbind code:0
DVK: exit_unbind local_nodeid:0
DVK: old_exit_unbind code:0
DVK: exit_unbind local_nodeid:0
DVK: old_exit_unbind code:0
DVK: exit_unbind local_nodeid:0
DVK: old_exit_unbind code:0
DVK: exit_unbind local_nodeid:0
DVK: old_exit_unbind code:0
DVK: exit_unbind local_nodeid:0
DVK: old_exit_unbind code:0
DVK: exit_unbind local_nodeid:0
DVK: old_exit_unbind code:0
DVK: exit_unbind local_nodeid:0
DVK: old_exit_unbind code:0
DVK: exit_unbind local_nodeid:0
DVK: old_exit_unbind code:0
DVK: exit_unbind local_nodeid:0
DVK: old_exit_unbind code:0
DVK: exit_unbind local_nodeid:0
DVK: old_exit_unbind code:0
DVK: exit_unbind local_nodeid:0
DVK: old_exit_unbind code:0
DVK: exit_unbind local_nodeid:0
DVK: old_exit_unbind code:0
DVK: exit_unbind local_nodeid:0
DVK: old_exit_unbind code:0
DVK: exit_unbind local_nodeid:0
DVK: old_exit_unbind code:0
DVK: exit_unbind local_nodeid:0
DVK: old_exit_unbind code:0
DVK: exit_unbind local_nodeid:0
DVK: old_exit_unbind code:0
DVK: exit_unbind local_nodeid:0
DVK: old_exit_unbind code:0
DVK: exit_unbind local_nodeid:0
DVK: old_exit_unbind code:0
DVK: exit_unbind local_nodeid:0
DVK: old_exit_unbind code:0
DVK: exit_unbind local_nodeid:0
DVK: old_exit_unbind code:0
DVK: exit_unbind local_nodeid:0
DVK: old_exit_unbind code:0
DVK: exit_unbind local_nodeid:0
DVK: old_exit_unbind code:0
DVK: exit_unbind local_nodeid:0
DVK: old_exit_unbind code:0
DVK: exit_unbind local_nodeid:0
DVK: old_exit_unbind code:0
DVK: exit_unbind local_nodeid:0
DVK: old_exit_unbind code:0
DVK: exit_unbind local_nodeid:0
DVK: old_exit_unbind code:0
DVK: exit_unbind local_nodeid:0
DVK: old_exit_unbind code:0
DVK: exit_unbind local_nodeid:0
DVK: old_exit_unbind code:0
DVK: exit_unbind local_nodeid:0
DVK: old_exit_unbind code:0
DVK: exit_unbind local_nodeid:0
DVK: old_exit_unbind code:0
DVK: exit_unbind local_nodeid:0
DVK: old_exit_unbind code:0
DVK: exit_unbind local_nodeid:0
DVK: old_exit_unbind code:0
DVK: exit_unbind local_nodeid:0
DVK: old_exit_unbind code:0
DVK: exit_unbind local_nodeid:0
DVK: old_exit_unbind code:0
DVK: exit_unbind local_nodeid:0
DVK: old_exit_unbind code:0
DVK: exit_unbind local_nodeid:0
DVK: old_exit_unbind code:0
DVK: exit_unbind local_nodeid:0
DVK: old_exit_unbind code:0
DVK: exit_unbind local_nodeid:0
DVK: old_exit_unbind code:0
DVK: exit_unbind local_nodeid:0
DVK: old_exit_unbind code:0
DVK: exit_unbind local_nodeid:0
DVK: old_exit_unbind code:0
DVK: exit_unbind local_nodeid:0
DVK: old_exit_unbind code:0
DVK: exit_unbind local_nodeid:0
DVK: old_exit_unbind code:0
DVK: exit_unbind local_nodeid:0
DVK: old_exit_unbind code:0
DVK: exit_unbind local_nodeid:0
DVK: old_exit_unbind code:0
DVK: exit_unbind local_nodeid:0
DVK: old_exit_unbind code:0
DVK: exit_unbind local_nodeid:0
DVK: old_exit_unbind code:0
DVK: exit_unbind local_nodeid:0
DVK: old_exit_unbind code:0
DVK: exit_unbind local_nodeid:0
DVK: old_exit_unbind code:0
DVK: exit_unbind local_nodeid:0
DVK: old_exit_unbind code:0
DVK: exit_unbind local_nodeid:0
DVK: old_exit_unbind code:0
DVK: exit_unbind local_nodeid:0
DVK: old_exit_unbind code:0
DVK: exit_unbind local_nodeid:0
DVK: old_exit_unbind code:0
DVK: exit_unbind local_nodeid:0
DVK: old_exit_unbind code:0
DVK: exit_unbind local_nodeid:0
DVK: old_exit_unbind code:0
DVK: exit_unbind local_nodeid:0
DVK: old_exit_unbind code:0
DVK: exit_unbind local_nodeid:0
DVK: old_exit_unbind code:0
DVK: exit_unbind local_nodeid:0
DVK: old_exit_unbind code:0
DVK: exit_unbind local_nodeid:0
DVK: old_exit_unbind code:0
DVK: exit_unbind local_nodeid:0
DVK: old_exit_unbind code:0
DVK: exit_unbind local_nodeid:0
DVK: old_exit_unbind code:0
DVK: exit_unbind local_nodeid:0
DVK: old_exit_unbind code:0
DVK: exit_unbind local_nodeid:0
DVK: old_exit_unbind code:0
DVK: exit_unbind local_nodeid:0
DVK: old_exit_unbind code:0
DVK: exit_unbind local_nodeid:0
DVK: old_exit_unbind code:0
DVK: exit_unbind local_nodeid:0
DVK: old_exit_unbind code:0
DVK: exit_unbind local_nodeid:0
DVK: old_exit_unbind code:0
DVK: exit_unbind local_nodeid:0
DVK: old_exit_unbind code:0
DVK: exit_unbind local_nodeid:0
DVK: old_exit_unbind code:0
DVK: exit_unbind local_nodeid:0
DVK: old_exit_unbind code:0
DVK: exit_unbind local_nodeid:0
DVK: old_exit_unbind code:0
DVK: exit_unbind local_nodeid:0
DVK: old_exit_unbind code:0
DVK: exit_unbind local_nodeid:0
DVK: old_exit_unbind code:0
DVK: exit_unbind local_nodeid:0
DVK: old_exit_unbind code:0
DVK: exit_unbind local_nodeid:0
DVK: old_exit_unbind code:0
DVK: exit_unbind local_nodeid:0
DVK: old_exit_unbind code:0
DVK: exit_unbind local_nodeid:0
DVK: old_exit_unbind code:0
DVK: exit_unbind local_nodeid:0
DVK: old_exit_unbind code:0
DVK: exit_unbind local_nodeid:0
DVK: old_exit_unbind code:0
DVK: exit_unbind local_nodeid:0
DVK: old_exit_unbind code:0
DVK: exit_unbind local_nodeid:0
DVK: old_exit_unbind code:0
DVK: exit_unbind local_nodeid:0
DVK: old_exit_unbind code:0
DVK: exit_unbind local_nodeid:0
DVK: old_exit_unbind code:0
DVK: exit_unbind local_nodeid:0
DVK: old_exit_unbind code:0
DVK: exit_unbind local_nodeid:0
DVK: old_exit_unbind code:0
DVK: exit_unbind local_nodeid:0
DVK: old_exit_unbind code:0
DVK: exit_unbind local_nodeid:0
DVK: old_exit_unbind code:0
DVK: exit_unbind local_nodeid:0
DVK: old_exit_unbind code:0
DVK: exit_unbind local_nodeid:0
DVK: old_exit_unbind code:0
DVK: exit_unbind local_nodeid:0
DVK: old_exit_unbind code:0
DVK: exit_unbind local_nodeid:0
DVK: old_exit_unbind code:0
DVK: exit_unbind local_nodeid:0
DVK: old_exit_unbind code:0
DVK: exit_unbind local_nodeid:0
DVK: old_exit_unbind code:0
DVK: exit_unbind local_nodeid:0
DVK: old_exit_unbind code:0
DVK: exit_unbind local_nodeid:0
DVK: old_exit_unbind code:0
DVK: exit_unbind local_nodeid:0
DVK: old_exit_unbind code:0
DVK: exit_unbind local_nodeid:0
DVK: old_exit_unbind code:0
DVK: exit_unbind local_nodeid:0
DVK: old_exit_unbind code:0
DVK: exit_unbind local_nodeid:0
DVK: old_exit_unbind code:0
DVK: exit_unbind local_nodeid:0
DVK: old_exit_unbind code:0
DVK: exit_unbind local_nodeid:0
DVK: old_exit_unbind code:0
DVK: exit_unbind local_nodeid:0
DVK: old_exit_unbind code:0
DVK: exit_unbind local_nodeid:0
DVK: old_exit_unbind code:0
DVK: exit_unbind local_nodeid:0
DVK: old_exit_unbind code:0
DVK: exit_unbind local_nodeid:0
DVK: old_exit_unbind code:0
DVK: exit_unbind local_nodeid:0
DVK: old_exit_unbind code:0
DVK: exit_unbind local_nodeid:0
DVK: old_exit_unbind code:0
DVK: exit_unbind local_nodeid:0
DVK: old_exit_unbind code:0
DVK: exit_unbind local_nodeid:0
DVK: old_exit_unbind code:0
DVK: exit_unbind local_nodeid:0
DVK: old_exit_unbind code:0
DVK: exit_unbind local_nodeid:0
DVK: old_exit_unbind code:0
DVK: exit_unbind local_nodeid:0
DVK: old_exit_unbind code:0
DVK: exit_unbind local_nodeid:0
DVK: old_exit_unbind code:0
DVK: exit_unbind local_nodeid:0
DVK: old_exit_unbind code:0
DVK: exit_unbind local_nodeid:0
DVK: old_exit_unbind code:0
DVK: exit_unbind local_nodeid:0
DVK: old_exit_unbind code:0
DVK: exit_unbind local_nodeid:0
DVK: old_exit_unbind code:0
DVK: exit_unbind local_nodeid:0
DVK: old_exit_unbind code:0
DVK: exit_unbind local_nodeid:0
DVK: old_exit_unbind code:0
DVK: exit_unbind local_nodeid:0
DVK: old_exit_unbind code:0
DVK: exit_unbind local_nodeid:0
DVK: old_exit_unbind code:0
DVK: exit_unbind local_nodeid:0
DVK: old_exit_unbind code:0
DVK: exit_unbind local_nodeid:0
DVK: old_exit_unbind code:0
DVK: exit_unbind local_nodeid:0
DVK: old_exit_unbind code:0
DVK: exit_unbind local_nodeid:0
DVK: old_exit_unbind code:0
DVK: exit_unbind local_nodeid:0
DVK: old_exit_unbind code:0
DVK: exit_unbind local_nodeid:0
DVK: old_exit_unbind code:0
DVK: exit_unbind local_nodeid:0
DVK: old_exit_unbind code:0
DVK: exit_unbind local_nodeid:0
DVK: old_exit_unbind code:0
DVK: exit_unbind local_nodeid:0
DVK: old_exit_unbind code:0
DVK: exit_unbind local_nodeid:0
DVK: old_exit_unbind code:0
DVK: exit_unbind local_nodeid:0
DVK: old_exit_unbind code:0
DVK: exit_unbind local_nodeid:0
DVK: old_exit_unbind code:0
DVK: exit_unbind local_nodeid:0
DVK: old_exit_unbind code:0
DVK: exit_unbind local_nodeid:0
DVK: old_exit_unbind code:0
DVK: exit_unbind local_nodeid:0
DVK: old_exit_unbind code:0
DVK: exit_unbind local_nodeid:0
DVK: old_exit_unbind code:0
DVK: exit_unbind local_nodeid:0
DVK: old_exit_unbind code:0
DVK: exit_unbind local_nodeid:0
DVK: old_exit_unbind code:0
DVK: exit_unbind local_nodeid:0
DVK: old_exit_unbind code:0
DVK: exit_unbind local_nodeid:0
DVK: old_exit_unbind code:0
DVK: exit_unbind local_nodeid:0
DVK: old_exit_unbind code:0
DVK: exit_unbind local_nodeid:0
DVK: old_exit_unbind code:0
DVK: exit_unbind local_nodeid:0
DVK: old_exit_unbind code:0
DVK: exit_unbind local_nodeid:0
DVK: old_exit_unbind code:0
DVK: exit_unbind local_nodeid:0
DVK: old_exit_unbind code:0
DVK: exit_unbind local_nodeid:0
DVK: old_exit_unbind code:0
DVK: exit_unbind local_nodeid:0
DVK: old_exit_unbind code:0
DVK: exit_unbind local_nodeid:0
DVK: old_exit_unbind code:0
DVK: exit_unbind local_nodeid:0
DVK: old_exit_unbind code:0
DVK: exit_unbind local_nodeid:0
DVK: old_exit_unbind code:0
DVK: exit_unbind local_nodeid:0
DVK: old_exit_unbind code:0
DVK: exit_unbind local_nodeid:0
DVK: old_exit_unbind code:0
DVK: exit_unbind local_nodeid:0
DVK: old_exit_unbind code:0
DVK: exit_unbind local_nodeid:0
DVK: old_exit_unbind code:0
DVK: exit_unbind local_nodeid:0
DVK: old_exit_unbind code:0
DVK: exit_unbind local_nodeid:0
DVK: old_exit_unbind code:0
DVK: exit_unbind local_nodeid:0
DVK: old_exit_unbind code:0
DVK: exit_unbind local_nodeid:0
DVK: old_exit_unbind code:0
DVK: exit_unbind local_nodeid:0
DVK: old_exit_unbind code:0
DVK: exit_unbind local_nodeid:0
DVK: old_exit_unbind code:0
DVK: exit_unbind local_nodeid:0
DVK: old_exit_unbind code:0
DVK: exit_unbind local_nodeid:0
DVK: old_exit_unbind code:0
DVK: exit_unbind local_nodeid:0
DVK: old_exit_unbind code:0
DVK: exit_unbind local_nodeid:0
DVK: old_exit_unbind code:0
DVK: exit_unbind local_nodeid:0
DVK: old_exit_unbind code:0
DVK: exit_unbind local_nodeid:0
DVK: old_exit_unbind code:0
DVK: exit_unbind local_nodeid:0
DVK: old_exit_unbind code:0
DVK: exit_unbind local_nodeid:0
DVK: old_exit_unbind code:0
DVK: exit_unbind local_nodeid:0
DVK: old_exit_unbind code:0
DVK: exit_unbind local_nodeid:0
DVK: old_exit_unbind code:0
DVK: exit_unbind local_nodeid:0
DVK: old_exit_unbind code:0
DVK: exit_unbind local_nodeid:0
DVK: old_exit_unbind code:0
DVK: exit_unbind local_nodeid:0
DVK: old_exit_unbind code:0
DVK: exit_unbind local_nodeid:0
DVK: old_exit_unbind code:0
DVK: exit_unbind local_nodeid:0
DVK: old_exit_unbind code:0
DVK: exit_unbind local_nodeid:0
DVK: old_exit_unbind code:0
DVK: exit_unbind local_nodeid:0
DVK: old_exit_unbind code:0
DVK: exit_unbind local_nodeid:0
DVK: old_exit_unbind code:0
DVK: exit_unbind local_nodeid:0
DVK: old_exit_unbind code:0
DVK: exit_unbind local_nodeid:0
DVK: old_exit_unbind code:0
DVK: exit_unbind local_nodeid:0
DVK: old_exit_unbind code:0
DVK: exit_unbind local_nodeid:0
DVK: old_exit_unbind code:0
DVK: exit_unbind local_nodeid:0
DVK: old_exit_unbind code:0
DVK: exit_unbind local_nodeid:0
DVK: old_exit_unbind code:0
DVK: exit_unbind local_nodeid:0
DVK: old_exit_unbind code:0
DVK: exit_unbind local_nodeid:0
DVK: old_exit_unbind code:0
[[0;32m  OK  [0m] Started [0;1;39mudev Coldplug all Devices[0m.
systemd-journald[403]: Received request to flush runtime journal from PID 1
DVK: exit_unbind local_nodeid:0
DVK: old_exit_unbind code:0
[[0;32m  OK  [0m] Started [0;1;39mFlush Journal to Persistent Storage[0m.
DVK: exit_unbind local_nodeid:0
DVK: old_exit_unbind code:0
DVK: exit_unbind local_nodeid:0
DVK: old_exit_unbind code:0
DVK: exit_unbind local_nodeid:0
DVK: old_exit_unbind code:0
DVK: exit_unbind local_nodeid:0
DVK: old_exit_unbind code:0
DVK: exit_unbind local_nodeid:0
DVK: old_exit_unbind code:0
DVK: exit_unbind local_nodeid:0
DVK: old_exit_unbind code:0
DVK: exit_unbind local_nodeid:0
DVK: old_exit_unbind code:256
DVK: exit_unbind local_nodeid:0
DVK: old_exit_unbind code:0
DVK: exit_unbind local_nodeid:0
DVK: old_exit_unbind code:0
DVK: exit_unbind local_nodeid:0
DVK: old_exit_unbind code:256
DVK: exit_unbind local_nodeid:0
DVK: old_exit_unbind code:0
DVK: exit_unbind local_nodeid:0
DVK: old_exit_unbind code:0
DVK: exit_unbind local_nodeid:0
DVK: old_exit_unbind code:0
DVK: exit_unbind local_nodeid:0
DVK: old_exit_unbind code:0
DVK: exit_unbind local_nodeid:0
DVK: old_exit_unbind code:0
DVK: exit_unbind local_nodeid:0
DVK: old_exit_unbind code:0
DVK: exit_unbind local_nodeid:0
DVK: old_exit_unbind code:0
DVK: exit_unbind local_nodeid:0
DVK: old_exit_unbind code:0
DVK: exit_unbind local_nodeid:0
DVK: old_exit_unbind code:0
DVK: exit_unbind local_nodeid:0
DVK: old_exit_unbind code:0
DVK: exit_unbind local_nodeid:0
DVK: old_exit_unbind code:0
DVK: exit_unbind local_nodeid:0
DVK: old_exit_unbind code:0
DVK: exit_unbind local_nodeid:0
DVK: old_exit_unbind code:0
DVK: exit_unbind local_nodeid:0
DVK: old_exit_unbind code:0
DVK: exit_unbind local_nodeid:0
DVK: old_exit_unbind code:0
DVK: exit_unbind local_nodeid:0
DVK: old_exit_unbind code:0
DVK: exit_unbind local_nodeid:0
DVK: old_exit_unbind code:0
DVK: exit_unbind local_nodeid:0
DVK: old_exit_unbind code:0
DVK: exit_unbind local_nodeid:0
DVK: old_exit_unbind code:0
DVK: exit_unbind local_nodeid:0
DVK: old_exit_unbind code:0
DVK: exit_unbind local_nodeid:0
DVK: old_exit_unbind code:0
DVK: exit_unbind local_nodeid:0
DVK: old_exit_unbind code:0
[[0m[0;31m*     [0m] A start job is running for Raise network interfaces (16s / 5min 7s)
DVK: exit_unbind local_nodeid:0
DVK: old_exit_unbind code:0
M[K[[0;1;31m*[0m[0;31m*    [0m] A start job is running for Raise network interfaces (17s / 5min 7s)
M[K[[0;31m*[0;1;31m*[0m[0;31m*   [0m] A start job is running for Raise network interfaces (18s / 5min 7s)
M[K[ [0;31m*[0;1;31m*[0m[0;31m*  [0m] A start job is running for Raise network interfaces (19s / 5min 7s)
DVK: exit_unbind local_nodeid:0
DVK: old_exit_unbind code:0
DVK: exit_unbind local_nodeid:0
DVK: old_exit_unbind code:0
DVK: exit_unbind local_nodeid:0
DVK: old_exit_unbind code:0
DVK: exit_unbind local_nodeid:0
DVK: old_exit_unbind code:0
DVK: exit_unbind local_nodeid:0
DVK: old_exit_unbind code:0
DVK: exit_unbind local_nodeid:0
DVK: old_exit_unbind code:0
M[K[[0;32m  OK  [0m] Started [0;1;39mRaise network interfaces[0m.
[K[[0;32m  OK  [0m] Reached target [0;1;39mNetwork[0m.
         Starting [0;1;39mCreate Volatile Files and Directories[0m...
DVK: exit_unbind local_nodeid:0
DVK: old_exit_unbind code:18688
[[0;32m  OK  [0m] Started [0;1;39mCreate Volatile Files and Directories[0m.
         Starting [0;1;39mUpdate UTMP about System Boot/Shutdown[0m...
[[0;1;31mFAILED[0m] Failed to start [0;1;39mNetwork Time Synchronization[0m.
See 'systemctl status systemd-timesyncd.service' for details.
[[0;32m  OK  [0m] Reached target [0;1;39mSystem Time Synchronized[0m.
[[0;32m  OK  [0m] Stopped [0;1;39mNetwork Time Synchronization[0m.
[[0;1;31mFAILED[0m] Failed to start [0;1;39mNetwork Time Synchronization[0m.
See 'systemctl status systemd-timesyncd.service' for details.
[[0;32m  OK  [0m] Stopped [0;1;39mNetwork Time Synchronization[0m.
[[0;1;31mFAILED[0m] Failed to start [0;1;39mNetwork Time Synchronization[0m.
See 'systemctl status systemd-timesyncd.service' for details.
[[0;32m  OK  [0m] Stopped [0;1;39mNetwork Time Synchronization[0m.
[[0;1;31mFAILED[0m] Failed to start [0;1;39mNetwork Time Synchronization[0m.
See 'systemctl status systemd-timesyncd.service' for details.
[[0;32m  OK  [0m] Stopped [0;1;39mNetwork Time Synchronization[0m.
[[0;1;31mFAILED[0m] Failed to start [0;1;39mNetwork Time Synchronization[0m.
See 'systemctl status systemd-timesyncd.service' for details.
[[0;32m  OK  [0m] Stopped [0;1;39mNetwork Time Synchronization[0m.
[[0;1;31mFAILED[0m] Failed to start [0;1;39mNetwork Time Synchronization[0m.
See 'systemctl status systemd-timesyncd.service' for details.
DVK: exit_unbind local_nodeid:0
DVK: old_exit_unbind code:256
[[0;1;31mFAILED[0m] Failed to start [0;1;39mUpdate UTMP about System Boot/Shutdown[0m.
See 'systemctl status systemd-update-utmp.service' for details.
[[0;1;33mDEPEND[0m] Dependency failed for [0;1;39mUpda…about System Runlevel Changes[0m.
[[0;32m  OK  [0m] Reached target [0;1;39mSystem Initialization[0m.
[[0;32m  OK  [0m] Started [0;1;39mDaily Cleanup of Temporary Directories[0m.
[[0;32m  OK  [0m] Started [0;1;39mDaily apt download activities[0m.
[[0;32m  OK  [0m] Started [0;1;39mDaily apt upgrade and clean activities[0m.
[[0;32m  OK  [0m] Reached target [0;1;39mTimers[0m.
[[0;32m  OK  [0m] Listening on [0;1;39mD-Bus System Message Bus Socket[0m.
[[0;32m  OK  [0m] Reached target [0;1;39mSockets[0m.
[[0;32m  OK  [0m] Reached target [0;1;39mBasic System[0m.
         Starting [0;1;39mLogin Service[0m...
[[0;32m  OK  [0m] Started [0;1;39mRegular background program processing daemon[0m.
         Starting [0;1;39mOpenBSD Secure Shell server[0m...
[[0;32m  OK  [0m] Started [0;1;39mD-Bus System Message Bus[0m.
         Starting [0;1;39mPermit User Sessions[0m...
         Starting [0;1;39mSystem Logging Service[0m...
DVK: exit_unbind local_nodeid:0
DVK: old_exit_unbind code:0
[[0;32m  OK  [0m] Started [0;1;39mPermit User Sessions[0m.
[[0;32m  OK  [0m] Started [0;1;39mGetty on tty1[0m.
[[0;32m  OK  [0m] Reached target [0;1;39mLogin Prompts[0m.
[[0;32m  OK  [0m] Started [0;1;39mSystem Logging Service[0m.
[[0;32m  OK  [0m] Started [0;1;39mLogin Service[0m.
DVK: exit_unbind local_nodeid:0
DVK: old_exit_unbind code:0
[[0;32m  OK  [0m] Started [0;1;39mOpenBSD Secure Shell server[0m.
[[0;32m  OK  [0m] Reached target [0;1;39mMulti-User System[0m.
[[0;32m  OK  [0m] Reached target [0;1;39mGraphical Interface[0m.
