CONFIGURATION WARNING: server node1 parameter lbRport not configured
CONFIGURATION WARNING: server node1 parameter svrRport not configured
CONFIGURATION WARNING: server node1 parameter node_image not configured
CONFIGURATION WARNING: client client11 parameter lbRport not configured
CONFIGURATION WARNING: client client11 parameter cltRport not configured
CONFIGURATION WARNING: lb parameter hello_time not configured
ERROR: lb_fd.c:enable_keepalive:61: rcode=0
ERROR: lb_fd.c:recv_packet_FD:288: rcode=-11
ERROR: lb_fd.c:recv_packet_FD:288: rcode=-11
ERROR: lb_fd.c:recv_packet_FD:288: rcode=-11
ERROR: lb_fd.c:recv_packet_FD:288: rcode=-11
ERROR: lb_fd.c:recv_packet_FD:288: rcode=-11
ERROR: lb_fd.c:lb_echo_reply:399: rcode=-11
ERROR: lb_svrpxy.c:svr_Rproxy_loop:152: rcode=-11
ERROR: lb_cltpxy.c:clt_Rproxy_loop:151: rcode=-11
ERROR: lb_fd.c:unpack:177: rcode=-520
ERROR: lb_fd.c:recv_packet_FD:285: rcode=-520
ERROR: lb_fd.c:unpack:177: rcode=-520
ERROR: lb_fd.c:recv_packet_FD:285: rcode=-520
ERROR: lb_fd.c:unpack:177: rcode=-520
ERROR: lb_fd.c:recv_packet_FD:285: rcode=-520
ERROR: lb_fd.c:unpack:177: rcode=-520
ERROR: lb_fd.c:recv_packet_FD:285: rcode=-520
ERROR: lb_fd.c:unpack:177: rcode=-520
ERROR: lb_fd.c:recv_packet_FD:285: rcode=-520
ERROR: lb_fd.c:lb_echo_reply:399: rcode=-520
ERROR: lb_cltpxy.c:clt_Rproxy_loop:151: rcode=-11
ERROR: lb_svrpxy.c:svr_Rproxy_loop:152: rcode=-11
ERROR: lb_fd.c:unpack:177: rcode=-520
ERROR: lb_fd.c:recv_packet_FD:285: rcode=-520
ERROR: lb_fd.c:unpack:177: rcode=-520
ERROR: lb_fd.c:recv_packet_FD:285: rcode=-520
ERROR: lb_fd.c:unpack:177: rcode=-520
ERROR: lb_fd.c:recv_packet_FD:285: rcode=-520
ERROR: lb_fd.c:unpack:177: rcode=-520
ERROR: lb_fd.c:recv_packet_FD:285: rcode=-520
ERROR: lb_fd.c:unpack:177: rcode=-520
ERROR: lb_fd.c:recv_packet_FD:285: rcode=-520
ERROR: lb_fd.c:lb_echo_reply:399: rcode=-520
ERROR: lb_fd.c:unpack:177: rcode=-520
ERROR: lb_fd.c:recv_packet_FD:285: rcode=-520
ERROR: lb_fd.c:unpack:177: rcode=-520
ERROR: lb_fd.c:recv_packet_FD:285: rcode=-520
ERROR: lb_fd.c:unpack:177: rcode=-520
ERROR: lb_fd.c:recv_packet_FD:285: rcode=-520
ERROR: lb_fd.c:recv_packet_FD:288: rcode=-11
ERROR: lb_fd.c:recv_packet_FD:288: rcode=-11
ERROR: lb_fd.c:lb_echo_reply:399: rcode=-11
ERROR: lb_svrpxy.c:svr_Rproxy_loop:152: rcode=-11
ERROR: lb_cltpxy.c:clt_Rproxy_loop:151: rcode=-11
ERROR: lb_fd.c:unpack:177: rcode=-520
ERROR: lb_fd.c:recv_packet_FD:285: rcode=-520
ERROR: lb_cltpxy.c:clt_Rproxy_loop:151: rcode=-11
ERROR: lb_svrpxy.c:svr_Sproxy_connect:877: rcode=-110
ERROR: lb_svrpxy.c:svr_Sproxy_loop:811: rcode=-110
ERROR: lb_cltpxy.c:clt_Sproxy_connect:1014: rcode=-110
ERROR: lb_cltpxy.c:clt_Sproxy_loop:965: rcode=-110
ERROR: lb_fd.c:unpack:177: rcode=-520
ERROR: lb_fd.c:recv_packet_FD:285: rcode=-520
ERROR: lb_fd.c:lb_echo_reply:399: rcode=-520
ERROR: lb_fd.c:unpack:177: rcode=-520
ERROR: lb_fd.c:recv_packet_FD:285: rcode=-520
ERROR: lb_fd.c:lb_echo_reply:399: rcode=-520
ERROR: lb_cltpxy.c:clt_Rproxy_loop:151: rcode=-11
ERROR: lb_cltpxy.c:clt_Rproxy_loop:151: rcode=-11
ERROR: lb_cltpxy.c:clt_Rproxy_loop:151: rcode=-11
ERROR: lb_cltpxy.c:clt_Rproxy_loop:151: rcode=-11
ERROR: lb_cltpxy.c:clt_Sproxy_connect:1014: rcode=-110
ERROR: lb_cltpxy.c:clt_Sproxy_loop:965: rcode=-110
ERROR: lb_cltpxy.c:clt_Rproxy_loop:151: rcode=-11
ERROR: lb_cltpxy.c:clt_Rproxy_loop:151: rcode=-11
ERROR: lb_cltpxy.c:clt_Rproxy_loop:151: rcode=-11
ERROR: lb_cltpxy.c:clt_Rproxy_loop:151: rcode=-11
ERROR: lb_cltpxy.c:clt_Rproxy_loop:151: rcode=-11
ERROR: lb_cltpxy.c:clt_Sproxy_connect:1014: rcode=-110
ERROR: lb_cltpxy.c:clt_Sproxy_loop:965: rcode=-110
ERROR: lb_cltpxy.c:clt_Rproxy_loop:151: rcode=-11
ERROR: lb_cltpxy.c:clt_Rproxy_loop:151: rcode=-11
